1523133439378	geckodriver	INFO	geckodriver 0.19.0
1523133439386	geckodriver	INFO	Listening on 127.0.0.1:53288
1523133440467	mozrunner::runner	INFO	Running command: "/Applications/Firefox.app/Contents/MacOS/firefox-bin" "-marionette" "-profile" "/var/folders/1x/9_60xg695gv3q186_ydmrv2w0000gn/T/rust_mozprofile.bZPMqnxpPyOm"
1523133440978	Marionette	INFO	Enabled via --marionette
2018-04-07 22:37:21.728 plugin-container[7427:284578] *** CFMessagePort: bootstrap_register(): failed 1100 (0x44c) 'Permission denied', port = 0x14e3f, name = 'com.apple.tsm.portname'
See /usr/include/servers/bootstrap_defs.h for the error codes.
1523133442100	Marionette	INFO	Listening on port 53297
1523133442116	Marionette	WARN	TLS certificate errors will be ignored for this session
2018-04-07 22:37:22.632 plugin-container[7429:284666] *** CFMessagePort: bootstrap_register(): failed 1100 (0x44c) 'Permission denied', port = 0xaa43, name = 'com.apple.tsm.portname'
See /usr/include/servers/bootstrap_defs.h for the error codes.
1523133603937	geckodriver	INFO	geckodriver 0.19.0
1523133603942	geckodriver	INFO	Listening on 127.0.0.1:53532
1523133605010	mozrunner::runner	INFO	Running command: "/Applications/Firefox.app/Contents/MacOS/firefox-bin" "-marionette" "-profile" "/var/folders/1x/9_60xg695gv3q186_ydmrv2w0000gn/T/rust_mozprofile.Xjk8ugnJrzcx"
1523133605450	Marionette	INFO	Enabled via --marionette
2018-04-07 22:40:06.215 plugin-container[7550:286503] *** CFMessagePort: bootstrap_register(): failed 1100 (0x44c) 'Permission denied', port = 0xae3f, name = 'com.apple.tsm.portname'
See /usr/include/servers/bootstrap_defs.h for the error codes.
1523133606566	Marionette	INFO	Listening on port 53541
1523133606654	Marionette	WARN	TLS certificate errors will be ignored for this session
2018-04-07 22:40:07.134 plugin-container[7551:286595] *** CFMessagePort: bootstrap_register(): failed 1100 (0x44c) 'Permission denied', port = 0x1543f, name = 'com.apple.tsm.portname'
See /usr/include/servers/bootstrap_defs.h for the error codes.
1523134001712	geckodriver	INFO	geckodriver 0.19.0
1523134001716	geckodriver	INFO	Listening on 127.0.0.1:53833
1523134002784	mozrunner::runner	INFO	Running command: "/Applications/Firefox.app/Contents/MacOS/firefox-bin" "-marionette" "-profile" "/var/folders/1x/9_60xg695gv3q186_ydmrv2w0000gn/T/rust_mozprofile.WtEA0axRGuB5"
1523134003222	Marionette	INFO	Enabled via --marionette
2018-04-07 22:46:43.998 plugin-container[7887:291106] *** CFMessagePort: bootstrap_register(): failed 1100 (0x44c) 'Permission denied', port = 0x1510b, name = 'com.apple.tsm.portname'
See /usr/include/servers/bootstrap_defs.h for the error codes.
1523134004294	Marionette	INFO	Listening on port 53843
1523134004336	Marionette	WARN	TLS certificate errors will be ignored for this session
2018-04-07 22:46:44.893 plugin-container[7888:291195] *** CFMessagePort: bootstrap_register(): failed 1100 (0x44c) 'Permission denied', port = 0xab03, name = 'com.apple.tsm.portname'
See /usr/include/servers/bootstrap_defs.h for the error codes.
1523134208334	geckodriver	INFO	geckodriver 0.19.0
1523134208338	geckodriver	INFO	Listening on 127.0.0.1:54090
1523134209399	mozrunner::runner	INFO	Running command: "/Applications/Firefox.app/Contents/MacOS/firefox-bin" "-marionette" "-profile" "/var/folders/1x/9_60xg695gv3q186_ydmrv2w0000gn/T/rust_mozprofile.qNjoNwkdJScg"
1523134209844	Marionette	INFO	Enabled via --marionette
2018-04-07 22:50:10.626 plugin-container[8060:293798] *** CFMessagePort: bootstrap_register(): failed 1100 (0x44c) 'Permission denied', port = 0x1523b, name = 'com.apple.tsm.portname'
See /usr/include/servers/bootstrap_defs.h for the error codes.
1523134210978	Marionette	INFO	Listening on port 54099
1523134211064	Marionette	WARN	TLS certificate errors will be ignored for this session
2018-04-07 22:50:11.520 plugin-container[8061:293895] *** CFMessagePort: bootstrap_register(): failed 1100 (0x44c) 'Permission denied', port = 0x15403, name = 'com.apple.tsm.portname'
See /usr/include/servers/bootstrap_defs.h for the error codes.
1523134443446	geckodriver	INFO	geckodriver 0.19.0
1523134443451	geckodriver	INFO	Listening on 127.0.0.1:54330
1523134444520	mozrunner::runner	INFO	Running command: "/Applications/Firefox.app/Contents/MacOS/firefox-bin" "-marionette" "-profile" "/var/folders/1x/9_60xg695gv3q186_ydmrv2w0000gn/T/rust_mozprofile.42kXcipCCk29"
1523134444930	Marionette	INFO	Enabled via --marionette
2018-04-07 22:54:05.684 plugin-container[8258:296309] *** CFMessagePort: bootstrap_register(): failed 1100 (0x44c) 'Permission denied', port = 0x15103, name = 'com.apple.tsm.portname'
See /usr/include/servers/bootstrap_defs.h for the error codes.
1523134445978	Marionette	INFO	Listening on port 54339
1523134446064	Marionette	WARN	TLS certificate errors will be ignored for this session
2018-04-07 22:54:06.586 plugin-container[8259:296397] *** CFMessagePort: bootstrap_register(): failed 1100 (0x44c) 'Permission denied', port = 0xaa43, name = 'com.apple.tsm.portname'
See /usr/include/servers/bootstrap_defs.h for the error codes.
2018-04-07 23:03:34.155 plugin-container[8796:303463] *** CFMessagePort: bootstrap_register(): failed 1100 (0x44c) 'Permission denied', port = 0xab3f, name = 'com.apple.tsm.portname'
See /usr/include/servers/bootstrap_defs.h for the error codes.
2018-04-07 23:05:18.597 plugin-container[8902:304732] *** CFMessagePort: bootstrap_register(): failed 1100 (0x44c) 'Permission denied', port = 0x15203, name = 'com.apple.tsm.portname'
See /usr/include/servers/bootstrap_defs.h for the error codes.
1523135127114	geckodriver	INFO	geckodriver 0.19.0
1523135127118	geckodriver	INFO	Listening on 127.0.0.1:54807
1523135128185	mozrunner::runner	INFO	Running command: "/Applications/Firefox.app/Contents/MacOS/firefox-bin" "-marionette" "-profile" "/var/folders/1x/9_60xg695gv3q186_ydmrv2w0000gn/T/rust_mozprofile.yxmk00Tk1wJw"
1523135128628	Marionette	INFO	Enabled via --marionette
2018-04-07 23:05:29.406 plugin-container[8915:305072] *** CFMessagePort: bootstrap_register(): failed 1100 (0x44c) 'Permission denied', port = 0x14d03, name = 'com.apple.tsm.portname'
See /usr/include/servers/bootstrap_defs.h for the error codes.
1523135129740	Marionette	INFO	Listening on port 54816
1523135129848	Marionette	WARN	TLS certificate errors will be ignored for this session
2018-04-07 23:05:30.307 plugin-container[8917:305160] *** CFMessagePort: bootstrap_register(): failed 1100 (0x44c) 'Permission denied', port = 0x1543f, name = 'com.apple.tsm.portname'
See /usr/include/servers/bootstrap_defs.h for the error codes.
*** UTM:SVC TimerManager:registerTimer called after profile-before-change notification. Ignoring timer registration for id: telemetry_modules_ping
1523135189185	geckodriver	INFO	geckodriver 0.19.0
1523135189190	geckodriver	INFO	Listening on 127.0.0.1:55031
1523135190254	mozrunner::runner	INFO	Running command: "/Applications/Firefox.app/Contents/MacOS/firefox-bin" "-marionette" "-profile" "/var/folders/1x/9_60xg695gv3q186_ydmrv2w0000gn/T/rust_mozprofile.8bGKHpxCMYg0"
1523135190686	Marionette	INFO	Enabled via --marionette
2018-04-07 23:06:31.459 plugin-container[8980:306245] *** CFMessagePort: bootstrap_register(): failed 1100 (0x44c) 'Permission denied', port = 0xae03, name = 'com.apple.tsm.portname'
See /usr/include/servers/bootstrap_defs.h for the error codes.
1523135191810	Marionette	INFO	Listening on port 55040
1523135191908	Marionette	WARN	TLS certificate errors will be ignored for this session
2018-04-07 23:06:32.359 plugin-container[8982:306332] *** CFMessagePort: bootstrap_register(): failed 1100 (0x44c) 'Permission denied', port = 0xab3f, name = 'com.apple.tsm.portname'
See /usr/include/servers/bootstrap_defs.h for the error codes.
[GFX1-]: Receive IPC close with reason=AbnormalShutdown
1523135630569	geckodriver	INFO	geckodriver 0.19.0
1523135630574	geckodriver	INFO	Listening on 127.0.0.1:55193
1523135631638	mozrunner::runner	INFO	Running command: "/Applications/Firefox.app/Contents/MacOS/firefox-bin" "-marionette" "-profile" "/var/folders/1x/9_60xg695gv3q186_ydmrv2w0000gn/T/rust_mozprofile.uus6AFDAvW5m"
1523135632074	Marionette	INFO	Enabled via --marionette
2018-04-07 23:13:52.841 plugin-container[9380:311788] *** CFMessagePort: bootstrap_register(): failed 1100 (0x44c) 'Permission denied', port = 0xb03f, name = 'com.apple.tsm.portname'
See /usr/include/servers/bootstrap_defs.h for the error codes.
1523135633150	Marionette	INFO	Listening on port 55202
1523135633188	Marionette	WARN	TLS certificate errors will be ignored for this session
1523135657505	geckodriver	INFO	geckodriver 0.19.0
1523135657510	geckodriver	INFO	Listening on 127.0.0.1:55256
1523135658576	mozrunner::runner	INFO	Running command: "/Applications/Firefox.app/Contents/MacOS/firefox-bin" "-marionette" "-profile" "/var/folders/1x/9_60xg695gv3q186_ydmrv2w0000gn/T/rust_mozprofile.Ja3VORwUh0v5"
1523135659018	Marionette	INFO	Enabled via --marionette
2018-04-07 23:14:19.794 plugin-container[9411:312885] *** CFMessagePort: bootstrap_register(): failed 1100 (0x44c) 'Permission denied', port = 0x15103, name = 'com.apple.tsm.portname'
See /usr/include/servers/bootstrap_defs.h for the error codes.
1523135660086	Marionette	INFO	Listening on port 55265
1523135660126	Marionette	WARN	TLS certificate errors will be ignored for this session
1523135689981	geckodriver	INFO	geckodriver 0.19.0
1523135689986	geckodriver	INFO	Listening on 127.0.0.1:55318
1523135691047	mozrunner::runner	INFO	Running command: "/Applications/Firefox.app/Contents/MacOS/firefox-bin" "-marionette" "-profile" "/var/folders/1x/9_60xg695gv3q186_ydmrv2w0000gn/T/rust_mozprofile.mxT2YopK3NtK"
1523135691478	Marionette	INFO	Enabled via --marionette
2018-04-07 23:14:52.246 plugin-container[9444:314052] *** CFMessagePort: bootstrap_register(): failed 1100 (0x44c) 'Permission denied', port = 0xaf03, name = 'com.apple.tsm.portname'
See /usr/include/servers/bootstrap_defs.h for the error codes.
1523135692550	Marionette	INFO	Listening on port 55327
1523135692610	Marionette	WARN	TLS certificate errors will be ignored for this session
2018-04-07 23:14:53.144 plugin-container[9445:314152] *** CFMessagePort: bootstrap_register(): failed 1100 (0x44c) 'Permission denied', port = 0x15403, name = 'com.apple.tsm.portname'
See /usr/include/servers/bootstrap_defs.h for the error codes.
[Child 9444, Chrome_ChildThread] WARNING: pipe error: Broken pipe: file /builds/worker/workspace/build/src/ipc/chromium/src/chrome/common/ipc_channel_posix.cc, line 709
1523135732939	geckodriver	INFO	geckodriver 0.19.0
1523135732943	geckodriver	INFO	Listening on 127.0.0.1:55427
1523135734006	mozrunner::runner	INFO	Running command: "/Applications/Firefox.app/Contents/MacOS/firefox-bin" "-marionette" "-profile" "/var/folders/1x/9_60xg695gv3q186_ydmrv2w0000gn/T/rust_mozprofile.A5Jtcb5df5ik"
1523135734436	Marionette	INFO	Enabled via --marionette
2018-04-07 23:15:35.201 plugin-container[9488:315332] *** CFMessagePort: bootstrap_register(): failed 1100 (0x44c) 'Permission denied', port = 0x1513f, name = 'com.apple.tsm.portname'
See /usr/include/servers/bootstrap_defs.h for the error codes.
1523135735500	Marionette	INFO	Listening on port 55436
1523135735564	Marionette	WARN	TLS certificate errors will be ignored for this session
2018-04-07 23:15:36.103 plugin-container[9490:315422] *** CFMessagePort: bootstrap_register(): failed 1100 (0x44c) 'Permission denied', port = 0xab07, name = 'com.apple.tsm.portname'
See /usr/include/servers/bootstrap_defs.h for the error codes.
1523135799491	geckodriver	INFO	geckodriver 0.19.0
1523135799496	geckodriver	INFO	Listening on 127.0.0.1:55536
1523135800558	mozrunner::runner	INFO	Running command: "/Applications/Firefox.app/Contents/MacOS/firefox-bin" "-marionette" "-profile" "/var/folders/1x/9_60xg695gv3q186_ydmrv2w0000gn/T/rust_mozprofile.VzJ3wR8Cs9zE"
1523135800992	Marionette	INFO	Enabled via --marionette
2018-04-07 23:16:41.763 plugin-container[9548:316809] *** CFMessagePort: bootstrap_register(): failed 1100 (0x44c) 'Permission denied', port = 0xb10b, name = 'com.apple.tsm.portname'
See /usr/include/servers/bootstrap_defs.h for the error codes.
1523135802110	Marionette	INFO	Listening on port 55545
1523135802200	Marionette	WARN	TLS certificate errors will be ignored for this session
2018-04-07 23:16:42.661 plugin-container[9550:316899] *** CFMessagePort: bootstrap_register(): failed 1100 (0x44c) 'Permission denied', port = 0x15443, name = 'com.apple.tsm.portname'
See /usr/include/servers/bootstrap_defs.h for the error codes.
1523135910344	geckodriver	INFO	geckodriver 0.19.0
1523135910349	geckodriver	INFO	Listening on 127.0.0.1:55796
1523135911414	mozrunner::runner	INFO	Running command: "/Applications/Firefox.app/Contents/MacOS/firefox-bin" "-marionette" "-profile" "/var/folders/1x/9_60xg695gv3q186_ydmrv2w0000gn/T/rust_mozprofile.EO06qsvstsP1"
1523135911878	Marionette	INFO	Enabled via --marionette
2018-04-07 23:18:32.703 plugin-container[9638:318657] *** CFMessagePort: bootstrap_register(): failed 1100 (0x44c) 'Permission denied', port = 0xb107, name = 'com.apple.tsm.portname'
See /usr/include/servers/bootstrap_defs.h for the error codes.
1523135913020	Marionette	INFO	Listening on port 55805
1523135913076	Marionette	WARN	TLS certificate errors will be ignored for this session
2018-04-07 23:18:33.578 plugin-container[9639:318754] *** CFMessagePort: bootstrap_register(): failed 1100 (0x44c) 'Permission denied', port = 0x1543b, name = 'com.apple.tsm.portname'
See /usr/include/servers/bootstrap_defs.h for the error codes.
[GFX1-]: Receive IPC close with reason=AbnormalShutdown
[Child 9548, Chrome_ChildThread] WARNING: pipe error: Broken pipe: file /builds/worker/workspace/build/src/ipc/chromium/src/chrome/common/ipc_channel_posix.cc, line 709
[Child 9548, Chrome_ChildThread] WARNING: pipe error: Broken pipe: file /builds/worker/workspace/build/src/ipc/chromium/src/chrome/common/ipc_channel_posix.cc, line 709
[Child 9548, Chrome_ChildThread] WARNING: pipe error: Broken pipe: file /builds/worker/workspace/build/src/ipc/chromium/src/chrome/common/ipc_channel_posix.cc, line 709
[Child 9548, Chrome_ChildThread] WARNING: pipe error: Broken pipe: file /builds/worker/workspace/build/src/ipc/chromium/src/chrome/common/ipc_channel_posix.cc, line 709
[Child 9548, Chrome_ChildThread] WARNING: pipe error: Broken pipe: file /builds/worker/workspace/build/src/ipc/chromium/src/chrome/common/ipc_channel_posix.cc, line 709
[Child 9548, Chrome_ChildThread] WARNING: pipe error: Broken pipe: file /builds/worker/workspace/build/src/ipc/chromium/src/chrome/common/ipc_channel_posix.cc, line 709
[Child 9548, Chrome_ChildThread] WARNING: pipe error: Broken pipe: file /builds/worker/workspace/build/src/ipc/chromium/src/chrome/common/ipc_channel_posix.cc, line 709
[Child 9548, Chrome_ChildThread] WARNING: pipe error: Broken pipe: file /builds/worker/workspace/build/src/ipc/chromium/src/chrome/common/ipc_channel_posix.cc, line 709
[Child 9548, Chrome_ChildThread] WARNING: pipe error: Broken pipe: file /builds/worker/workspace/build/src/ipc/chromium/src/chrome/common/ipc_channel_posix.cc, line 709
[Child 9548, Chrome_ChildThread] WARNING: pipe error: Broken pipe: file /builds/worker/workspace/build/src/ipc/chromium/src/chrome/common/ipc_channel_posix.cc, line 709
[Child 9548, Chrome_ChildThread] WARNING: pipe error: Broken pipe: file /builds/worker/workspace/build/src/ipc/chromium/src/chrome/common/ipc_channel_posix.cc, line 709
[Child 9548, Chrome_ChildThread] WARNING: pipe error: Broken pipe: file /builds/worker/workspace/build/src/ipc/chromium/src/chrome/common/ipc_channel_posix.cc, line 709
1523136313093	geckodriver	INFO	geckodriver 0.19.0
1523136313098	geckodriver	INFO	Listening on 127.0.0.1:55965
1523136314167	mozrunner::runner	INFO	Running command: "/Applications/Firefox.app/Contents/MacOS/firefox-bin" "-marionette" "-profile" "/var/folders/1x/9_60xg695gv3q186_ydmrv2w0000gn/T/rust_mozprofile.Y26jxStABwP8"
1523136314606	Marionette	INFO	Enabled via --marionette
2018-04-07 23:25:15.377 plugin-container[9984:324794] *** CFMessagePort: bootstrap_register(): failed 1100 (0x44c) 'Permission denied', port = 0x1503f, name = 'com.apple.tsm.portname'
See /usr/include/servers/bootstrap_defs.h for the error codes.
1523136315734	Marionette	INFO	Listening on port 55975
1523136315850	Marionette	WARN	TLS certificate errors will be ignored for this session
[Child 9986, Chrome_ChildThread] WARNING: pipe error: Broken pipe: file /builds/worker/workspace/build/src/ipc/chromium/src/chrome/common/ipc_channel_posix.cc, line 709
[Child 9986, Chrome_ChildThread] WARNING: pipe error: Broken pipe: file /builds/worker/workspace/build/src/ipc/chromium/src/chrome/common/ipc_channel_posix.cc, line 709
1523136344227	geckodriver	INFO	geckodriver 0.19.0
1523136344231	geckodriver	INFO	Listening on 127.0.0.1:56028
1523136345295	mozrunner::runner	INFO	Running command: "/Applications/Firefox.app/Contents/MacOS/firefox-bin" "-marionette" "-profile" "/var/folders/1x/9_60xg695gv3q186_ydmrv2w0000gn/T/rust_mozprofile.fihJFvK5VVAL"
1523136345742	Marionette	INFO	Enabled via --marionette
2018-04-07 23:25:46.512 plugin-container[10024:325940] *** CFMessagePort: bootstrap_register(): failed 1100 (0x44c) 'Permission denied', port = 0x15003, name = 'com.apple.tsm.portname'
See /usr/include/servers/bootstrap_defs.h for the error codes.
1523136346820	Marionette	INFO	Listening on port 56037
1523136346850	Marionette	WARN	TLS certificate errors will be ignored for this session
1523136387049	geckodriver	INFO	geckodriver 0.19.0
1523136387053	geckodriver	INFO	Listening on 127.0.0.1:56091
1523136388119	mozrunner::runner	INFO	Running command: "/Applications/Firefox.app/Contents/MacOS/firefox-bin" "-marionette" "-profile" "/var/folders/1x/9_60xg695gv3q186_ydmrv2w0000gn/T/rust_mozprofile.xAnMWsVBJCFt"
1523136388566	Marionette	INFO	Enabled via --marionette
2018-04-07 23:26:29.343 plugin-container[10072:327179] *** CFMessagePort: bootstrap_register(): failed 1100 (0x44c) 'Permission denied', port = 0x1523f, name = 'com.apple.tsm.portname'
See /usr/include/servers/bootstrap_defs.h for the error codes.
1523136389634	Marionette	INFO	Listening on port 56100
1523136389666	Marionette	WARN	TLS certificate errors will be ignored for this session
1523136462273	geckodriver	INFO	geckodriver 0.19.0
1523136462277	geckodriver	INFO	Listening on 127.0.0.1:56154
1523136463344	mozrunner::runner	INFO	Running command: "/Applications/Firefox.app/Contents/MacOS/firefox-bin" "-marionette" "-profile" "/var/folders/1x/9_60xg695gv3q186_ydmrv2w0000gn/T/rust_mozprofile.qyOrxbOodxY0"
1523136463788	Marionette	INFO	Enabled via --marionette
2018-04-07 23:27:44.563 plugin-container[10156:328625] *** CFMessagePort: bootstrap_register(): failed 1100 (0x44c) 'Permission denied', port = 0x15143, name = 'com.apple.tsm.portname'
See /usr/include/servers/bootstrap_defs.h for the error codes.
1523136464916	Marionette	INFO	Listening on port 56163
1523136464998	Marionette	WARN	TLS certificate errors will be ignored for this session
2018-04-07 23:27:45.492 plugin-container[10158:328717] *** CFMessagePort: bootstrap_register(): failed 1100 (0x44c) 'Permission denied', port = 0x1543f, name = 'com.apple.tsm.portname'
See /usr/include/servers/bootstrap_defs.h for the error codes.
1523136474380	geckodriver	INFO	geckodriver 0.19.0
1523136474385	geckodriver	INFO	Listening on 127.0.0.1:56220
1523136475449	mozrunner::runner	INFO	Running command: "/Applications/Firefox.app/Contents/MacOS/firefox-bin" "-marionette" "-profile" "/var/folders/1x/9_60xg695gv3q186_ydmrv2w0000gn/T/rust_mozprofile.eYfDIyQrCgEn"
1523136475886	Marionette	INFO	Enabled via --marionette
2018-04-07 23:27:56.659 plugin-container[10175:329570] *** CFMessagePort: bootstrap_register(): failed 1100 (0x44c) 'Permission denied', port = 0xb13f, name = 'com.apple.tsm.portname'
See /usr/include/servers/bootstrap_defs.h for the error codes.
1523136476962	Marionette	INFO	Listening on port 56229
1523136477016	Marionette	WARN	TLS certificate errors will be ignored for this session
2018-04-07 23:27:57.590 plugin-container[10177:329662] *** CFMessagePort: bootstrap_register(): failed 1100 (0x44c) 'Permission denied', port = 0x1533f, name = 'com.apple.tsm.portname'
See /usr/include/servers/bootstrap_defs.h for the error codes.
[GFX1-]: Receive IPC close with reason=AbnormalShutdown
[GFX1-]: Receive IPC close with reason=AbnormalShutdown
1523136489641	geckodriver	INFO	geckodriver 0.19.0
1523136489646	geckodriver	INFO	Listening on 127.0.0.1:56384
1523136490709	mozrunner::runner	INFO	Running command: "/Applications/Firefox.app/Contents/MacOS/firefox-bin" "-marionette" "-profile" "/var/folders/1x/9_60xg695gv3q186_ydmrv2w0000gn/T/rust_mozprofile.GYAm7FDgyerQ"
1523136491150	Marionette	INFO	Enabled via --marionette
2018-04-07 23:28:11.923 plugin-container[10193:330512] *** CFMessagePort: bootstrap_register(): failed 1100 (0x44c) 'Permission denied', port = 0xaf3f, name = 'com.apple.tsm.portname'
See /usr/include/servers/bootstrap_defs.h for the error codes.
1523136492222	Marionette	INFO	Listening on port 56393
1523136492268	Marionette	WARN	TLS certificate errors will be ignored for this session
2018-04-07 23:28:12.853 plugin-container[10195:330602] *** CFMessagePort: bootstrap_register(): failed 1100 (0x44c) 'Permission denied', port = 0xac03, name = 'com.apple.tsm.portname'
See /usr/include/servers/bootstrap_defs.h for the error codes.
[Child 10193, Chrome_ChildThread] WARNING: pipe error: Broken pipe: file /builds/worker/workspace/build/src/ipc/chromium/src/chrome/common/ipc_channel_posix.cc, line 709
1523136507200	geckodriver	INFO	geckodriver 0.19.0
1523136507204	geckodriver	INFO	Listening on 127.0.0.1:56561
1523136508271	mozrunner::runner	INFO	Running command: "/Applications/Firefox.app/Contents/MacOS/firefox-bin" "-marionette" "-profile" "/var/folders/1x/9_60xg695gv3q186_ydmrv2w0000gn/T/rust_mozprofile.8RKsMx6RPWid"
1523136508710	Marionette	INFO	Enabled via --marionette
2018-04-07 23:28:29.484 plugin-container[10216:331498] *** CFMessagePort: bootstrap_register(): failed 1100 (0x44c) 'Permission denied', port = 0xb03f, name = 'com.apple.tsm.portname'
See /usr/include/servers/bootstrap_defs.h for the error codes.
1523136509832	Marionette	INFO	Listening on port 56570
1523136509928	Marionette	WARN	TLS certificate errors will be ignored for this session
2018-04-07 23:28:30.415 plugin-container[10217:331583] *** CFMessagePort: bootstrap_register(): failed 1100 (0x44c) 'Permission denied', port = 0x1543f, name = 'com.apple.tsm.portname'
See /usr/include/servers/bootstrap_defs.h for the error codes.
[Child 10216, Chrome_ChildThread] WARNING: pipe error: Broken pipe: file /builds/worker/workspace/build/src/ipc/chromium/src/chrome/common/ipc_channel_posix.cc, line 709
[Child 10216, Chrome_ChildThread] WARNING: pipe error: Broken pipe: file /builds/worker/workspace/build/src/ipc/chromium/src/chrome/common/ipc_channel_posix.cc, line 709
1523136534289	geckodriver	INFO	geckodriver 0.19.0
1523136534294	geckodriver	INFO	Listening on 127.0.0.1:56708
1523136535354	mozrunner::runner	INFO	Running command: "/Applications/Firefox.app/Contents/MacOS/firefox-bin" "-marionette" "-profile" "/var/folders/1x/9_60xg695gv3q186_ydmrv2w0000gn/T/rust_mozprofile.2YXZaCeBtV0H"
1523136535792	Marionette	INFO	Enabled via --marionette
2018-04-07 23:28:56.569 plugin-container[10244:332615] *** CFMessagePort: bootstrap_register(): failed 1100 (0x44c) 'Permission denied', port = 0x1513f, name = 'com.apple.tsm.portname'
See /usr/include/servers/bootstrap_defs.h for the error codes.
1523136536874	Marionette	INFO	Listening on port 56717
1523136536906	Marionette	WARN	TLS certificate errors will be ignored for this session
2018-04-07 23:28:57.496 plugin-container[10246:332703] *** CFMessagePort: bootstrap_register(): failed 1100 (0x44c) 'Permission denied', port = 0xab3f, name = 'com.apple.tsm.portname'
See /usr/include/servers/bootstrap_defs.h for the error codes.
[GFX1-]: Receive IPC close with reason=AbnormalShutdown
1523136690749	geckodriver	INFO	geckodriver 0.19.0
1523136690753	geckodriver	INFO	Listening on 127.0.0.1:56908
1523136691830	mozrunner::runner	INFO	Running command: "/Applications/Firefox.app/Contents/MacOS/firefox-bin" "-marionette" "-profile" "/var/folders/1x/9_60xg695gv3q186_ydmrv2w0000gn/T/rust_mozprofile.OJBE79iV57GJ"
1523136691976	addons.manager	DEBUG	Application has been upgraded
1523136691992	addons.manager	DEBUG	Loaded provider scope for resource://gre/modules/addons/XPIProvider.jsm: ["XPIProvider", "XPIInternal"]
1523136691994	addons.manager	DEBUG	Loaded provider scope for resource://gre/modules/LightweightThemeManager.jsm: ["LightweightThemeManager"]
1523136692008	addons.manager	DEBUG	Loaded provider scope for resource://gre/modules/addons/GMPProvider.jsm
1523136692008	addons.manager	DEBUG	Loaded provider scope for resource://gre/modules/addons/PluginProvider.jsm
1523136692008	addons.manager	DEBUG	Starting provider: XPIProvider
1523136692010	addons.xpi	DEBUG	startup
1523136692010	addons.xpi	INFO	SystemAddonInstallLocation directory is missing
1523136692010	addons.xpi	INFO	Removing all system add-on upgrades.
1523136692010	addons.xpi	DEBUG	checkForChanges
1523136692010	addons.xpi	DEBUG	Loaded add-on state: ${}
1523136692012	addons.xpi	INFO	Mapping activity-stream@mozilla.org to /Applications/Firefox.app/Contents/Resources/browser/features/activity-stream@mozilla.org.xpi
1523136692012	addons.xpi	INFO	Mapping aushelper@mozilla.org to /Applications/Firefox.app/Contents/Resources/browser/features/aushelper@mozilla.org.xpi
1523136692012	addons.xpi	INFO	Mapping firefox@getpocket.com to /Applications/Firefox.app/Contents/Resources/browser/features/firefox@getpocket.com.xpi
1523136692012	addons.xpi	INFO	Mapping followonsearch@mozilla.com to /Applications/Firefox.app/Contents/Resources/browser/features/followonsearch@mozilla.com.xpi
1523136692012	addons.xpi	INFO	Mapping formautofill@mozilla.org to /Applications/Firefox.app/Contents/Resources/browser/features/formautofill@mozilla.org.xpi
1523136692012	addons.xpi	INFO	Mapping onboarding@mozilla.org to /Applications/Firefox.app/Contents/Resources/browser/features/onboarding@mozilla.org.xpi
1523136692012	addons.xpi	INFO	Mapping screenshots@mozilla.org to /Applications/Firefox.app/Contents/Resources/browser/features/screenshots@mozilla.org.xpi
1523136692012	addons.xpi	INFO	Mapping shield-recipe-client@mozilla.org to /Applications/Firefox.app/Contents/Resources/browser/features/shield-recipe-client@mozilla.org.xpi
1523136692012	addons.xpi	INFO	Mapping webcompat@mozilla.org to /Applications/Firefox.app/Contents/Resources/browser/features/webcompat@mozilla.org.xpi
1523136692012	addons.xpi	DEBUG	New add-on activity-stream@mozilla.org in app-system-defaults
1523136692012	addons.xpi	DEBUG	New add-on aushelper@mozilla.org in app-system-defaults
1523136692014	addons.xpi	DEBUG	New add-on firefox@getpocket.com in app-system-defaults
1523136692014	addons.xpi	DEBUG	New add-on followonsearch@mozilla.com in app-system-defaults
1523136692014	addons.xpi	DEBUG	New add-on formautofill@mozilla.org in app-system-defaults
1523136692014	addons.xpi	DEBUG	New add-on onboarding@mozilla.org in app-system-defaults
1523136692014	addons.xpi	DEBUG	New add-on screenshots@mozilla.org in app-system-defaults
1523136692014	addons.xpi	DEBUG	New add-on shield-recipe-client@mozilla.org in app-system-defaults
1523136692014	addons.xpi	DEBUG	New add-on webcompat@mozilla.org in app-system-defaults
1523136692016	addons.xpi	INFO	Mapping {972ce4c6-7e08-4474-a285-3208198ce6fd} to /Applications/Firefox.app/Contents/Resources/browser/extensions/{972ce4c6-7e08-4474-a285-3208198ce6fd}.xpi
1523136692016	addons.xpi	DEBUG	New add-on {972ce4c6-7e08-4474-a285-3208198ce6fd} in app-global
1523136692016	addons.xpi	DEBUG	getInstallState changed: true, state: {}
1523136692016	addons.xpi	INFO	SystemAddonInstallLocation directory is missing
1523136692020	addons.xpi-utils	DEBUG	Opening XPI database /var/folders/1x/9_60xg695gv3q186_ydmrv2w0000gn/T/rust_mozprofile.OJBE79iV57GJ/extensions.json
1523136692020	addons.xpi-utils	DEBUG	New add-on activity-stream@mozilla.org installed in app-system-defaults
*** Blocklist::_loadBlocklistFromFile: blocklist is disabled
1523136692038	addons.xpi-utils	DEBUG	New add-on aushelper@mozilla.org installed in app-system-defaults
1523136692040	addons.xpi-utils	DEBUG	New add-on firefox@getpocket.com installed in app-system-defaults
1523136692042	addons.xpi-utils	DEBUG	New add-on followonsearch@mozilla.com installed in app-system-defaults
1523136692046	addons.xpi-utils	DEBUG	New add-on formautofill@mozilla.org installed in app-system-defaults
1523136692048	addons.xpi-utils	DEBUG	New add-on onboarding@mozilla.org installed in app-system-defaults
1523136692050	addons.xpi-utils	DEBUG	New add-on screenshots@mozilla.org installed in app-system-defaults
1523136692052	addons.xpi-utils	DEBUG	New add-on shield-recipe-client@mozilla.org installed in app-system-defaults
1523136692054	addons.xpi-utils	DEBUG	New add-on webcompat@mozilla.org installed in app-system-defaults
1523136692056	addons.xpi-utils	DEBUG	New add-on {972ce4c6-7e08-4474-a285-3208198ce6fd} installed in app-global
1523136692058	addons.manager	DEBUG	Registering startup change 'installed' for activity-stream@mozilla.org
1523136692064	addons.xpi	DEBUG	Loading bootstrap scope from /Applications/Firefox.app/Contents/Resources/browser/features/activity-stream@mozilla.org.xpi
1523136692066	addons.xpi	DEBUG	Calling bootstrap method install on activity-stream@mozilla.org version 2018.02.17.0026-173e2795
1523136692066	addons.xpi-utils	DEBUG	Make addon app-system-defaults:activity-stream@mozilla.org visible
1523136692066	addons.xpi	DEBUG	Updating XPIState for {"id":"activity-stream@mozilla.org","syncGUID":"{43c8fb19-8c4b-c146-a2f2-82bf48711275}","location":"app-system-defaults","version":"2018.02.17.0026-173e2795","type":"extension","internalName":null,"updateURL":null,"updateKey":null,"optionsURL":null,"optionsType":null,"aboutURL":null,"defaultLocale":{"name":"Activity Stream","description":"A rich visual history feed and a reimagined home page make it easier than ever to find exactly what you're looking for in Firefox.","creator":null,"homepageURL":null},"visible":true,"active":false,"userDisabled":false,"appDisabled":false,"installDate":1522495260332,"updateDate":1522495260332,"applyBackgroundUpdates":1,"bootstrap":true,"path":"/Applications/Firefox.app/Contents/Resources/browser/features/activity-stream@mozilla.org.xpi","skinnable":false,"size":2766939,"sourceURI":null,"releaseNotesURI":null,"softDisabled":false,"foreignInstall":false,"hasBinaryComponents":false,"strictCompatibility":false,"locales":[],"targetApplications":[{"id":"{ec8030f7-c20a-464f-9b0e-13a3a9e97384}","minVersion":"59.0.2","maxVersion":"59.*"}],"targetPlatforms":[],"multiprocessCompatible":true,"seen":true,"dependencies":[],"hasEmbeddedWebExtension":false,"mpcOptedOut":false,"userPermissions":null,"icons":{},"iconURL":null,"icon64URL":null,"blocklistState":0,"blocklistURL":null,"startupData":null}
1523136692066	addons.manager	DEBUG	Registering startup change 'installed' for aushelper@mozilla.org
1523136692068	addons.xpi	DEBUG	Loading bootstrap scope from /Applications/Firefox.app/Contents/Resources/browser/features/aushelper@mozilla.org.xpi
1523136692068	addons.xpi	DEBUG	Calling bootstrap method install on aushelper@mozilla.org version 2.0
1523136692068	addons.xpi-utils	DEBUG	Make addon app-system-defaults:aushelper@mozilla.org visible
1523136692068	addons.xpi	DEBUG	Updating XPIState for {"id":"aushelper@mozilla.org","syncGUID":"{85170d24-4b1a-7e40-8d14-b9e6aa5521c3}","location":"app-system-defaults","version":"2.0","type":"extension","internalName":null,"updateURL":null,"updateKey":null,"optionsURL":null,"optionsType":null,"aboutURL":null,"defaultLocale":{"name":"Application Update Service Helper","description":"Sets value(s) in the update url based on custom checks.","creator":null,"homepageURL":null},"visible":true,"active":false,"userDisabled":false,"appDisabled":false,"installDate":1522495260311,"updateDate":1522495260311,"applyBackgroundUpdates":1,"bootstrap":true,"path":"/Applications/Firefox.app/Contents/Resources/browser/features/aushelper@mozilla.org.xpi","skinnable":false,"size":8488,"sourceURI":null,"releaseNotesURI":null,"softDisabled":false,"foreignInstall":false,"hasBinaryComponents":false,"strictCompatibility":false,"locales":[],"targetApplications":[{"id":"{ec8030f7-c20a-464f-9b0e-13a3a9e97384}","minVersion":"59.0.2","maxVersion":"59.*"}],"targetPlatforms":[],"multiprocessCompatible":true,"seen":true,"dependencies":[],"hasEmbeddedWebExtension":false,"mpcOptedOut":false,"userPermissions":null,"icons":{},"iconURL":null,"icon64URL":null,"blocklistState":0,"blocklistURL":null,"startupData":null}
1523136692068	addons.manager	DEBUG	Registering startup change 'installed' for firefox@getpocket.com
1523136692070	addons.xpi	DEBUG	Loading bootstrap scope from /Applications/Firefox.app/Contents/Resources/browser/features/firefox@getpocket.com.xpi
1523136692072	addons.xpi	DEBUG	Calling bootstrap method install on firefox@getpocket.com version 1.0.5
1523136692072	addons.xpi-utils	DEBUG	Make addon app-system-defaults:firefox@getpocket.com visible
1523136692072	addons.xpi	DEBUG	Updating XPIState for {"id":"firefox@getpocket.com","syncGUID":"{6b59d220-0ee4-e042-957a-12c6ae5fb5d7}","location":"app-system-defaults","version":"1.0.5","type":"extension","internalName":null,"updateURL":null,"updateKey":null,"optionsURL":null,"optionsType":null,"aboutURL":null,"defaultLocale":{"name":"Pocket","description":"When you find something you want to view later, put it in Pocket.","creator":null,"homepageURL":null},"visible":true,"active":false,"userDisabled":false,"appDisabled":false,"installDate":1522495260307,"updateDate":1522495260307,"applyBackgroundUpdates":1,"bootstrap":true,"path":"/Applications/Firefox.app/Contents/Resources/browser/features/firefox@getpocket.com.xpi","skinnable":false,"size":916023,"sourceURI":null,"releaseNotesURI":null,"softDisabled":false,"foreignInstall":false,"hasBinaryComponents":false,"strictCompatibility":false,"locales":[],"targetApplications":[{"id":"{ec8030f7-c20a-464f-9b0e-13a3a9e97384}","minVersion":"59.0.2","maxVersion":"59.*"}],"targetPlatforms":[],"multiprocessCompatible":true,"seen":true,"dependencies":[],"hasEmbeddedWebExtension":false,"mpcOptedOut":false,"userPermissions":null,"icons":{},"iconURL":null,"icon64URL":null,"blocklistState":0,"blocklistURL":null,"startupData":null}
1523136692072	addons.manager	DEBUG	Registering startup change 'installed' for followonsearch@mozilla.com
1523136692072	addons.xpi	DEBUG	Loading bootstrap scope from /Applications/Firefox.app/Contents/Resources/browser/features/followonsearch@mozilla.com.xpi
1523136692074	addons.xpi	DEBUG	Calling bootstrap method install on followonsearch@mozilla.com version 0.9.6
1523136692074	addons.xpi-utils	DEBUG	Make addon app-system-defaults:followonsearch@mozilla.com visible
1523136692074	addons.xpi	DEBUG	Updating XPIState for {"id":"followonsearch@mozilla.com","syncGUID":"{926376b3-9b97-9242-b816-f73d1f5af456}","location":"app-system-defaults","version":"0.9.6","type":"extension","internalName":null,"updateURL":null,"updateKey":null,"optionsURL":null,"optionsType":null,"aboutURL":null,"defaultLocale":{"name":"Follow-on Search Telemetry","description":null,"creator":null,"homepageURL":null},"visible":true,"active":false,"userDisabled":false,"appDisabled":false,"installDate":1522006649493,"updateDate":1522006649493,"applyBackgroundUpdates":1,"bootstrap":true,"path":"/Applications/Firefox.app/Contents/Resources/browser/features/followonsearch@mozilla.com.xpi","skinnable":false,"size":18625,"sourceURI":null,"releaseNotesURI":null,"softDisabled":false,"foreignInstall":false,"hasBinaryComponents":false,"strictCompatibility":false,"locales":[],"targetApplications":[{"id":"{ec8030f7-c20a-464f-9b0e-13a3a9e97384}","minVersion":"52.0","maxVersion":"66.*"}],"targetPlatforms":[],"multiprocessCompatible":true,"seen":true,"dependencies":[],"hasEmbeddedWebExtension":false,"mpcOptedOut":false,"userPermissions":null,"icons":{},"iconURL":null,"icon64URL":null,"blocklistState":0,"blocklistURL":null,"startupData":null}
1523136692074	addons.manager	DEBUG	Registering startup change 'installed' for formautofill@mozilla.org
1523136692074	addons.xpi	DEBUG	Loading bootstrap scope from /Applications/Firefox.app/Contents/Resources/browser/features/formautofill@mozilla.org.xpi
1523136692074	addons.xpi	DEBUG	Calling bootstrap method install on formautofill@mozilla.org version 1.0
1523136692076	addons.xpi-utils	DEBUG	Make addon app-system-defaults:formautofill@mozilla.org visible
1523136692076	addons.xpi	DEBUG	Updating XPIState for {"id":"formautofill@mozilla.org","syncGUID":"{2f281edb-9543-6845-aeb3-21deb2394e89}","location":"app-system-defaults","version":"1.0","type":"extension","internalName":null,"updateURL":null,"updateKey":null,"optionsURL":null,"optionsType":null,"aboutURL":null,"defaultLocale":{"name":"Form Autofill","description":"Autofill forms with saved profiles","creator":null,"homepageURL":null},"visible":true,"active":false,"userDisabled":false,"appDisabled":false,"installDate":1522495260297,"updateDate":1522495260297,"applyBackgroundUpdates":1,"bootstrap":true,"path":"/Applications/Firefox.app/Contents/Resources/browser/features/formautofill@mozilla.org.xpi","skinnable":false,"size":454175,"sourceURI":null,"releaseNotesURI":null,"softDisabled":false,"foreignInstall":false,"hasBinaryComponents":false,"strictCompatibility":false,"locales":[],"targetApplications":[{"id":"{ec8030f7-c20a-464f-9b0e-13a3a9e97384}","minVersion":"59.0.2","maxVersion":"59.*"}],"targetPlatforms":[],"multiprocessCompatible":true,"seen":true,"dependencies":[],"hasEmbeddedWebExtension":false,"mpcOptedOut":false,"userPermissions":null,"icons":{},"iconURL":null,"icon64URL":null,"blocklistState":0,"blocklistURL":null,"startupData":null}
1523136692076	addons.manager	DEBUG	Registering startup change 'installed' for onboarding@mozilla.org
1523136692076	addons.xpi	DEBUG	Loading bootstrap scope from /Applications/Firefox.app/Contents/Resources/browser/features/onboarding@mozilla.org.xpi
1523136692078	addons.xpi	DEBUG	Calling bootstrap method install on onboarding@mozilla.org version 1.0
1523136692078	addons.xpi-utils	DEBUG	Make addon app-system-defaults:onboarding@mozilla.org visible
1523136692078	addons.xpi	DEBUG	Updating XPIState for {"id":"onboarding@mozilla.org","syncGUID":"{922e3b33-62a2-a24b-b269-55747bc6eb9a}","location":"app-system-defaults","version":"1.0","type":"extension","internalName":null,"updateURL":null,"updateKey":null,"optionsURL":null,"optionsType":null,"aboutURL":null,"defaultLocale":{"name":"Photon onboarding","description":"Photon onboarding","creator":null,"homepageURL":null},"visible":true,"active":false,"userDisabled":false,"appDisabled":false,"installDate":1522495260288,"updateDate":1522495260288,"applyBackgroundUpdates":1,"bootstrap":true,"path":"/Applications/Firefox.app/Contents/Resources/browser/features/onboarding@mozilla.org.xpi","skinnable":false,"size":562991,"sourceURI":null,"releaseNotesURI":null,"softDisabled":false,"foreignInstall":false,"hasBinaryComponents":false,"strictCompatibility":false,"locales":[],"targetApplications":[{"id":"{ec8030f7-c20a-464f-9b0e-13a3a9e97384}","minVersion":"59.0.2","maxVersion":"59.*"}],"targetPlatforms":[],"multiprocessCompatible":true,"seen":true,"dependencies":[],"hasEmbeddedWebExtension":false,"mpcOptedOut":false,"userPermissions":null,"icons":{},"iconURL":null,"icon64URL":null,"blocklistState":0,"blocklistURL":null,"startupData":null}
1523136692078	addons.manager	DEBUG	Registering startup change 'installed' for screenshots@mozilla.org
1523136692078	addons.xpi	DEBUG	Loading bootstrap scope from /Applications/Firefox.app/Contents/Resources/browser/features/screenshots@mozilla.org.xpi
1523136692080	addons.xpi	DEBUG	Calling bootstrap method install on screenshots@mozilla.org version 25.0.0
1523136692080	addons.xpi-utils	DEBUG	Make addon app-system-defaults:screenshots@mozilla.org visible
1523136692080	addons.xpi	DEBUG	Updating XPIState for {"id":"screenshots@mozilla.org","syncGUID":"{f64d12c7-d62e-0549-8a3b-974cc3eb1a2a}","location":"app-system-defaults","version":"25.0.0","type":"extension","internalName":null,"updateURL":null,"updateKey":null,"optionsURL":null,"optionsType":null,"aboutURL":null,"defaultLocale":{"name":"Firefox Screenshots","description":null,"creator":null,"homepageURL":"https://screenshots.firefox.com/"},"visible":true,"active":false,"userDisabled":false,"appDisabled":false,"installDate":1518636066957,"updateDate":1518636066957,"applyBackgroundUpdates":1,"bootstrap":true,"path":"/Applications/Firefox.app/Contents/Resources/browser/features/screenshots@mozilla.org.xpi","skinnable":false,"size":994512,"sourceURI":null,"releaseNotesURI":null,"softDisabled":false,"foreignInstall":false,"hasBinaryComponents":false,"strictCompatibility":false,"locales":[],"targetApplications":[{"id":"{ec8030f7-c20a-464f-9b0e-13a3a9e97384}","minVersion":"57.0a1","maxVersion":"*"}],"targetPlatforms":[],"multiprocessCompatible":true,"seen":true,"dependencies":[],"hasEmbeddedWebExtension":false,"mpcOptedOut":false,"userPermissions":null,"icons":{},"iconURL":null,"icon64URL":null,"blocklistState":0,"blocklistURL":null,"startupData":null}
1523136692080	addons.manager	DEBUG	Registering startup change 'installed' for shield-recipe-client@mozilla.org
1523136692080	addons.xpi	DEBUG	Loading bootstrap scope from /Applications/Firefox.app/Contents/Resources/browser/features/shield-recipe-client@mozilla.org.xpi
1523136692082	addons.xpi	DEBUG	Calling bootstrap method install on shield-recipe-client@mozilla.org version 80
1523136692082	addons.xpi-utils	DEBUG	Make addon app-system-defaults:shield-recipe-client@mozilla.org visible
1523136692082	addons.xpi	DEBUG	Updating XPIState for {"id":"shield-recipe-client@mozilla.org","syncGUID":"{67731e46-f2d0-554c-b0c7-9b6c2da473a4}","location":"app-system-defaults","version":"80","type":"extension","internalName":null,"updateURL":null,"updateKey":null,"optionsURL":null,"optionsType":null,"aboutURL":null,"defaultLocale":{"name":"Shield Recipe Client","description":"Client to download and run recipes for SHIELD, Heartbeat, etc.","creator":null,"homepageURL":null},"visible":true,"active":false,"userDisabled":false,"appDisabled":false,"installDate":1522495260280,"updateDate":1522495260280,"applyBackgroundUpdates":1,"bootstrap":true,"path":"/Applications/Firefox.app/Contents/Resources/browser/features/shield-recipe-client@mozilla.org.xpi","skinnable":false,"size":365969,"sourceURI":null,"releaseNotesURI":null,"softDisabled":false,"foreignInstall":false,"hasBinaryComponents":false,"strictCompatibility":false,"locales":[],"targetApplications":[{"id":"{ec8030f7-c20a-464f-9b0e-13a3a9e97384}","minVersion":"59.0.2","maxVersion":"59.*"}],"targetPlatforms":[],"multiprocessCompatible":true,"seen":true,"dependencies":[],"hasEmbeddedWebExtension":false,"mpcOptedOut":false,"userPermissions":null,"icons":{},"iconURL":null,"icon64URL":null,"blocklistState":0,"blocklistURL":null,"startupData":null}
1523136692082	addons.manager	DEBUG	Registering startup change 'installed' for webcompat@mozilla.org
1523136692082	addons.xpi	DEBUG	Loading bootstrap scope from /Applications/Firefox.app/Contents/Resources/browser/features/webcompat@mozilla.org.xpi
1523136692082	addons.xpi	DEBUG	Calling bootstrap method install on webcompat@mozilla.org version 1.1
1523136692082	addons.xpi-utils	DEBUG	Make addon app-system-defaults:webcompat@mozilla.org visible
1523136692082	addons.xpi	DEBUG	Updating XPIState for {"id":"webcompat@mozilla.org","syncGUID":"{ce0572d1-77df-6640-bb28-eaedf3952345}","location":"app-system-defaults","version":"1.1","type":"extension","internalName":null,"updateURL":null,"updateKey":null,"optionsURL":null,"optionsType":null,"aboutURL":null,"defaultLocale":{"name":"Web Compat","description":"Urgent post-release fixes for web compatibility.","creator":null,"homepageURL":null},"visible":true,"active":false,"userDisabled":false,"appDisabled":false,"installDate":1522495260272,"updateDate":1522495260272,"applyBackgroundUpdates":1,"bootstrap":true,"path":"/Applications/Firefox.app/Contents/Resources/browser/features/webcompat@mozilla.org.xpi","skinnable":false,"size":9268,"sourceURI":null,"releaseNotesURI":null,"softDisabled":false,"foreignInstall":false,"hasBinaryComponents":false,"strictCompatibility":false,"locales":[],"targetApplications":[{"id":"{ec8030f7-c20a-464f-9b0e-13a3a9e97384}","minVersion":"59.0.2","maxVersion":"59.*"}],"targetPlatforms":[],"multiprocessCompatible":true,"seen":true,"dependencies":[],"hasEmbeddedWebExtension":false,"mpcOptedOut":false,"userPermissions":null,"icons":{},"iconURL":null,"icon64URL":null,"blocklistState":0,"blocklistURL":null,"startupData":null}
1523136692082	addons.xpi-utils	DEBUG	Make addon app-global:{972ce4c6-7e08-4474-a285-3208198ce6fd} visible
1523136692084	addons.xpi	DEBUG	Updating XPIState for {"id":"{972ce4c6-7e08-4474-a285-3208198ce6fd}","syncGUID":"{8ebb5073-4564-8543-a126-c509df20fc5b}","location":"app-global","version":"59.0.2","type":"theme","internalName":"classic/1.0","updateURL":null,"updateKey":null,"optionsURL":null,"optionsType":null,"optionsBrowserStyle":null,"aboutURL":null,"defaultLocale":{"name":"Default","description":"The default theme.","creator":"Mozilla","homepageURL":null,"contributors":["Mozilla Contributors"]},"visible":true,"active":false,"userDisabled":false,"appDisabled":false,"installDate":1522495260337,"updateDate":1522495260337,"applyBackgroundUpdates":1,"path":"/Applications/Firefox.app/Contents/Resources/browser/extensions/{972ce4c6-7e08-4474-a285-3208198ce6fd}.xpi","skinnable":true,"size":1903,"sourceURI":null,"releaseNotesURI":null,"softDisabled":false,"foreignInstall":false,"hasBinaryComponents":false,"strictCompatibility":true,"locales":[],"targetApplications":[{"id":"{ec8030f7-c20a-464f-9b0e-13a3a9e97384}","minVersion":"59.0.2","maxVersion":"59.0.2"}],"targetPlatforms":[],"seen":true,"dependencies":[],"hasEmbeddedWebExtension":false,"userPermissions":null,"icons":{},"iconURL":"chrome://browser/content/default-theme-icon.svg","icon64URL":null,"blocklistState":0,"blocklistURL":null,"startupData":null}
1523136692084	addons.xpi	DEBUG	Updating XPIState for {"id":"activity-stream@mozilla.org","syncGUID":"{43c8fb19-8c4b-c146-a2f2-82bf48711275}","location":"app-system-defaults","version":"2018.02.17.0026-173e2795","type":"extension","internalName":null,"updateURL":null,"updateKey":null,"optionsURL":null,"optionsType":null,"aboutURL":null,"defaultLocale":{"name":"Activity Stream","description":"A rich visual history feed and a reimagined home page make it easier than ever to find exactly what you're looking for in Firefox.","creator":null,"homepageURL":null},"visible":true,"active":true,"userDisabled":false,"appDisabled":false,"installDate":1522495260332,"updateDate":1522495260332,"applyBackgroundUpdates":1,"bootstrap":true,"path":"/Applications/Firefox.app/Contents/Resources/browser/features/activity-stream@mozilla.org.xpi","skinnable":false,"size":2766939,"sourceURI":null,"releaseNotesURI":null,"softDisabled":false,"foreignInstall":false,"hasBinaryComponents":false,"strictCompatibility":false,"locales":[],"targetApplications":[{"id":"{ec8030f7-c20a-464f-9b0e-13a3a9e97384}","minVersion":"59.0.2","maxVersion":"59.*"}],"targetPlatforms":[],"multiprocessCompatible":true,"seen":true,"dependencies":[],"hasEmbeddedWebExtension":false,"mpcOptedOut":false,"userPermissions":null,"icons":{},"iconURL":null,"icon64URL":null,"blocklistState":0,"blocklistURL":null,"startupData":null}
1523136692084	addons.xpi	DEBUG	Updating XPIState for {"id":"aushelper@mozilla.org","syncGUID":"{85170d24-4b1a-7e40-8d14-b9e6aa5521c3}","location":"app-system-defaults","version":"2.0","type":"extension","internalName":null,"updateURL":null,"updateKey":null,"optionsURL":null,"optionsType":null,"aboutURL":null,"defaultLocale":{"name":"Application Update Service Helper","description":"Sets value(s) in the update url based on custom checks.","creator":null,"homepageURL":null},"visible":true,"active":true,"userDisabled":false,"appDisabled":false,"installDate":1522495260311,"updateDate":1522495260311,"applyBackgroundUpdates":1,"bootstrap":true,"path":"/Applications/Firefox.app/Contents/Resources/browser/features/aushelper@mozilla.org.xpi","skinnable":false,"size":8488,"sourceURI":null,"releaseNotesURI":null,"softDisabled":false,"foreignInstall":false,"hasBinaryComponents":false,"strictCompatibility":false,"locales":[],"targetApplications":[{"id":"{ec8030f7-c20a-464f-9b0e-13a3a9e97384}","minVersion":"59.0.2","maxVersion":"59.*"}],"targetPlatforms":[],"multiprocessCompatible":true,"seen":true,"dependencies":[],"hasEmbeddedWebExtension":false,"mpcOptedOut":false,"userPermissions":null,"icons":{},"iconURL":null,"icon64URL":null,"blocklistState":0,"blocklistURL":null,"startupData":null}
1523136692084	addons.xpi	DEBUG	Updating XPIState for {"id":"firefox@getpocket.com","syncGUID":"{6b59d220-0ee4-e042-957a-12c6ae5fb5d7}","location":"app-system-defaults","version":"1.0.5","type":"extension","internalName":null,"updateURL":null,"updateKey":null,"optionsURL":null,"optionsType":null,"aboutURL":null,"defaultLocale":{"name":"Pocket","description":"When you find something you want to view later, put it in Pocket.","creator":null,"homepageURL":null},"visible":true,"active":true,"userDisabled":false,"appDisabled":false,"installDate":1522495260307,"updateDate":1522495260307,"applyBackgroundUpdates":1,"bootstrap":true,"path":"/Applications/Firefox.app/Contents/Resources/browser/features/firefox@getpocket.com.xpi","skinnable":false,"size":916023,"sourceURI":null,"releaseNotesURI":null,"softDisabled":false,"foreignInstall":false,"hasBinaryComponents":false,"strictCompatibility":false,"locales":[],"targetApplications":[{"id":"{ec8030f7-c20a-464f-9b0e-13a3a9e97384}","minVersion":"59.0.2","maxVersion":"59.*"}],"targetPlatforms":[],"multiprocessCompatible":true,"seen":true,"dependencies":[],"hasEmbeddedWebExtension":false,"mpcOptedOut":false,"userPermissions":null,"icons":{},"iconURL":null,"icon64URL":null,"blocklistState":0,"blocklistURL":null,"startupData":null}
1523136692084	addons.xpi	DEBUG	Updating XPIState for {"id":"followonsearch@mozilla.com","syncGUID":"{926376b3-9b97-9242-b816-f73d1f5af456}","location":"app-system-defaults","version":"0.9.6","type":"extension","internalName":null,"updateURL":null,"updateKey":null,"optionsURL":null,"optionsType":null,"aboutURL":null,"defaultLocale":{"name":"Follow-on Search Telemetry","description":null,"creator":null,"homepageURL":null},"visible":true,"active":true,"userDisabled":false,"appDisabled":false,"installDate":1522006649493,"updateDate":1522006649493,"applyBackgroundUpdates":1,"bootstrap":true,"path":"/Applications/Firefox.app/Contents/Resources/browser/features/followonsearch@mozilla.com.xpi","skinnable":false,"size":18625,"sourceURI":null,"releaseNotesURI":null,"softDisabled":false,"foreignInstall":false,"hasBinaryComponents":false,"strictCompatibility":false,"locales":[],"targetApplications":[{"id":"{ec8030f7-c20a-464f-9b0e-13a3a9e97384}","minVersion":"52.0","maxVersion":"66.*"}],"targetPlatforms":[],"multiprocessCompatible":true,"seen":true,"dependencies":[],"hasEmbeddedWebExtension":false,"mpcOptedOut":false,"userPermissions":null,"icons":{},"iconURL":null,"icon64URL":null,"blocklistState":0,"blocklistURL":null,"startupData":null}
1523136692084	addons.xpi	DEBUG	Updating XPIState for {"id":"formautofill@mozilla.org","syncGUID":"{2f281edb-9543-6845-aeb3-21deb2394e89}","location":"app-system-defaults","version":"1.0","type":"extension","internalName":null,"updateURL":null,"updateKey":null,"optionsURL":null,"optionsType":null,"aboutURL":null,"defaultLocale":{"name":"Form Autofill","description":"Autofill forms with saved profiles","creator":null,"homepageURL":null},"visible":true,"active":true,"userDisabled":false,"appDisabled":false,"installDate":1522495260297,"updateDate":1522495260297,"applyBackgroundUpdates":1,"bootstrap":true,"path":"/Applications/Firefox.app/Contents/Resources/browser/features/formautofill@mozilla.org.xpi","skinnable":false,"size":454175,"sourceURI":null,"releaseNotesURI":null,"softDisabled":false,"foreignInstall":false,"hasBinaryComponents":false,"strictCompatibility":false,"locales":[],"targetApplications":[{"id":"{ec8030f7-c20a-464f-9b0e-13a3a9e97384}","minVersion":"59.0.2","maxVersion":"59.*"}],"targetPlatforms":[],"multiprocessCompatible":true,"seen":true,"dependencies":[],"hasEmbeddedWebExtension":false,"mpcOptedOut":false,"userPermissions":null,"icons":{},"iconURL":null,"icon64URL":null,"blocklistState":0,"blocklistURL":null,"startupData":null}
1523136692086	addons.xpi	DEBUG	Updating XPIState for {"id":"onboarding@mozilla.org","syncGUID":"{922e3b33-62a2-a24b-b269-55747bc6eb9a}","location":"app-system-defaults","version":"1.0","type":"extension","internalName":null,"updateURL":null,"updateKey":null,"optionsURL":null,"optionsType":null,"aboutURL":null,"defaultLocale":{"name":"Photon onboarding","description":"Photon onboarding","creator":null,"homepageURL":null},"visible":true,"active":true,"userDisabled":false,"appDisabled":false,"installDate":1522495260288,"updateDate":1522495260288,"applyBackgroundUpdates":1,"bootstrap":true,"path":"/Applications/Firefox.app/Contents/Resources/browser/features/onboarding@mozilla.org.xpi","skinnable":false,"size":562991,"sourceURI":null,"releaseNotesURI":null,"softDisabled":false,"foreignInstall":false,"hasBinaryComponents":false,"strictCompatibility":false,"locales":[],"targetApplications":[{"id":"{ec8030f7-c20a-464f-9b0e-13a3a9e97384}","minVersion":"59.0.2","maxVersion":"59.*"}],"targetPlatforms":[],"multiprocessCompatible":true,"seen":true,"dependencies":[],"hasEmbeddedWebExtension":false,"mpcOptedOut":false,"userPermissions":null,"icons":{},"iconURL":null,"icon64URL":null,"blocklistState":0,"blocklistURL":null,"startupData":null}
1523136692086	addons.xpi	DEBUG	Updating XPIState for {"id":"screenshots@mozilla.org","syncGUID":"{f64d12c7-d62e-0549-8a3b-974cc3eb1a2a}","location":"app-system-defaults","version":"25.0.0","type":"extension","internalName":null,"updateURL":null,"updateKey":null,"optionsURL":null,"optionsType":null,"aboutURL":null,"defaultLocale":{"name":"Firefox Screenshots","description":null,"creator":null,"homepageURL":"https://screenshots.firefox.com/"},"visible":true,"active":true,"userDisabled":false,"appDisabled":false,"installDate":1518636066957,"updateDate":1518636066957,"applyBackgroundUpdates":1,"bootstrap":true,"path":"/Applications/Firefox.app/Contents/Resources/browser/features/screenshots@mozilla.org.xpi","skinnable":false,"size":994512,"sourceURI":null,"releaseNotesURI":null,"softDisabled":false,"foreignInstall":false,"hasBinaryComponents":false,"strictCompatibility":false,"locales":[],"targetApplications":[{"id":"{ec8030f7-c20a-464f-9b0e-13a3a9e97384}","minVersion":"57.0a1","maxVersion":"*"}],"targetPlatforms":[],"multiprocessCompatible":true,"seen":true,"dependencies":[],"hasEmbeddedWebExtension":false,"mpcOptedOut":false,"userPermissions":null,"icons":{},"iconURL":null,"icon64URL":null,"blocklistState":0,"blocklistURL":null,"startupData":null}
1523136692086	addons.xpi	DEBUG	Updating XPIState for {"id":"shield-recipe-client@mozilla.org","syncGUID":"{67731e46-f2d0-554c-b0c7-9b6c2da473a4}","location":"app-system-defaults","version":"80","type":"extension","internalName":null,"updateURL":null,"updateKey":null,"optionsURL":null,"optionsType":null,"aboutURL":null,"defaultLocale":{"name":"Shield Recipe Client","description":"Client to download and run recipes for SHIELD, Heartbeat, etc.","creator":null,"homepageURL":null},"visible":true,"active":true,"userDisabled":false,"appDisabled":false,"installDate":1522495260280,"updateDate":1522495260280,"applyBackgroundUpdates":1,"bootstrap":true,"path":"/Applications/Firefox.app/Contents/Resources/browser/features/shield-recipe-client@mozilla.org.xpi","skinnable":false,"size":365969,"sourceURI":null,"releaseNotesURI":null,"softDisabled":false,"foreignInstall":false,"hasBinaryComponents":false,"strictCompatibility":false,"locales":[],"targetApplications":[{"id":"{ec8030f7-c20a-464f-9b0e-13a3a9e97384}","minVersion":"59.0.2","maxVersion":"59.*"}],"targetPlatforms":[],"multiprocessCompatible":true,"seen":true,"dependencies":[],"hasEmbeddedWebExtension":false,"mpcOptedOut":false,"userPermissions":null,"icons":{},"iconURL":null,"icon64URL":null,"blocklistState":0,"blocklistURL":null,"startupData":null}
1523136692086	addons.xpi	DEBUG	Updating XPIState for {"id":"webcompat@mozilla.org","syncGUID":"{ce0572d1-77df-6640-bb28-eaedf3952345}","location":"app-system-defaults","version":"1.1","type":"extension","internalName":null,"updateURL":null,"updateKey":null,"optionsURL":null,"optionsType":null,"aboutURL":null,"defaultLocale":{"name":"Web Compat","description":"Urgent post-release fixes for web compatibility.","creator":null,"homepageURL":null},"visible":true,"active":true,"userDisabled":false,"appDisabled":false,"installDate":1522495260272,"updateDate":1522495260272,"applyBackgroundUpdates":1,"bootstrap":true,"path":"/Applications/Firefox.app/Contents/Resources/browser/features/webcompat@mozilla.org.xpi","skinnable":false,"size":9268,"sourceURI":null,"releaseNotesURI":null,"softDisabled":false,"foreignInstall":false,"hasBinaryComponents":false,"strictCompatibility":false,"locales":[],"targetApplications":[{"id":"{ec8030f7-c20a-464f-9b0e-13a3a9e97384}","minVersion":"59.0.2","maxVersion":"59.*"}],"targetPlatforms":[],"multiprocessCompatible":true,"seen":true,"dependencies":[],"hasEmbeddedWebExtension":false,"mpcOptedOut":false,"userPermissions":null,"icons":{},"iconURL":null,"icon64URL":null,"blocklistState":0,"blocklistURL":null,"startupData":null}
1523136692086	addons.xpi	DEBUG	Updating XPIState for {"id":"{972ce4c6-7e08-4474-a285-3208198ce6fd}","syncGUID":"{8ebb5073-4564-8543-a126-c509df20fc5b}","location":"app-global","version":"59.0.2","type":"theme","internalName":"classic/1.0","updateURL":null,"updateKey":null,"optionsURL":null,"optionsType":null,"optionsBrowserStyle":null,"aboutURL":null,"defaultLocale":{"name":"Default","description":"The default theme.","creator":"Mozilla","homepageURL":null,"contributors":["Mozilla Contributors"]},"visible":true,"active":true,"userDisabled":false,"appDisabled":false,"installDate":1522495260337,"updateDate":1522495260337,"applyBackgroundUpdates":1,"path":"/Applications/Firefox.app/Contents/Resources/browser/extensions/{972ce4c6-7e08-4474-a285-3208198ce6fd}.xpi","skinnable":true,"size":1903,"sourceURI":null,"releaseNotesURI":null,"softDisabled":false,"foreignInstall":false,"hasBinaryComponents":false,"strictCompatibility":true,"locales":[],"targetApplications":[{"id":"{ec8030f7-c20a-464f-9b0e-13a3a9e97384}","minVersion":"59.0.2","maxVersion":"59.0.2"}],"targetPlatforms":[],"seen":true,"dependencies":[],"hasEmbeddedWebExtension":false,"userPermissions":null,"icons":{},"iconURL":"chrome://browser/content/default-theme-icon.svg","icon64URL":null,"blocklistState":0,"blocklistURL":null,"startupData":null}
1523136692086	addons.xpi	DEBUG	Updating database with changes to installed add-ons
1523136692086	addons.xpi-utils	DEBUG	Updating add-on states
1523136692088	addons.xpi	DEBUG	Registering manifest for /Applications/Firefox.app/Contents/Resources/browser/features/activity-stream@mozilla.org.xpi
1523136692090	addons.xpi	DEBUG	Calling bootstrap method startup on activity-stream@mozilla.org version 2018.02.17.0026-173e2795
1523136692090	addons.xpi	DEBUG	Registering manifest for /Applications/Firefox.app/Contents/Resources/browser/features/aushelper@mozilla.org.xpi
1523136692090	addons.xpi	DEBUG	Calling bootstrap method startup on aushelper@mozilla.org version 2.0
1523136692090	addons.xpi	DEBUG	Registering manifest for /Applications/Firefox.app/Contents/Resources/browser/features/firefox@getpocket.com.xpi
1523136692090	addons.xpi	DEBUG	Calling bootstrap method startup on firefox@getpocket.com version 1.0.5
1523136692096	addons.xpi	DEBUG	Registering manifest for /Applications/Firefox.app/Contents/Resources/browser/features/followonsearch@mozilla.com.xpi
1523136692096	addons.xpi	DEBUG	Calling bootstrap method startup on followonsearch@mozilla.com version 0.9.6
1523136692098	addons.xpi	DEBUG	Registering manifest for /Applications/Firefox.app/Contents/Resources/browser/features/formautofill@mozilla.org.xpi
1523136692098	addons.xpi	DEBUG	Calling bootstrap method startup on formautofill@mozilla.org version 1.0
1523136692098	addons.xpi	DEBUG	Registering manifest for /Applications/Firefox.app/Contents/Resources/browser/features/onboarding@mozilla.org.xpi
1523136692098	addons.xpi	DEBUG	Calling bootstrap method startup on onboarding@mozilla.org version 1.0
1523136692098	addons.xpi	DEBUG	Registering manifest for /Applications/Firefox.app/Contents/Resources/browser/features/screenshots@mozilla.org.xpi
1523136692098	addons.xpi	DEBUG	Calling bootstrap method startup on screenshots@mozilla.org version 25.0.0
1523136692098	addons.xpi	DEBUG	Registering manifest for /Applications/Firefox.app/Contents/Resources/browser/features/shield-recipe-client@mozilla.org.xpi
1523136692098	addons.xpi	DEBUG	Calling bootstrap method startup on shield-recipe-client@mozilla.org version 80
1523136692102	addons.xpi	DEBUG	Registering manifest for /Applications/Firefox.app/Contents/Resources/browser/features/webcompat@mozilla.org.xpi
1523136692102	addons.xpi	DEBUG	Calling bootstrap method startup on webcompat@mozilla.org version 1.1
1523136692104	addons.manager	DEBUG	Registering shutdown blocker for XPIProvider
1523136692104	addons.manager	DEBUG	Provider finished startup: XPIProvider
1523136692104	addons.manager	DEBUG	Starting provider: LightweightThemeManager
1523136692104	addons.manager	DEBUG	Registering shutdown blocker for LightweightThemeManager
1523136692104	addons.manager	DEBUG	Provider finished startup: LightweightThemeManager
1523136692106	addons.manager	DEBUG	Starting provider: GMPProvider
1523136692106	addons.manager	DEBUG	Registering shutdown blocker for GMPProvider
1523136692106	addons.manager	DEBUG	Provider finished startup: GMPProvider
1523136692106	addons.manager	DEBUG	Starting provider: PluginProvider
1523136692106	addons.manager	DEBUG	Registering shutdown blocker for PluginProvider
1523136692108	addons.manager	DEBUG	Provider finished startup: PluginProvider
1523136692108	addons.manager	DEBUG	Completed startup sequence
1523136692212	Marionette	INFO	Enabled via --marionette
1523136692366	addons.manager	DEBUG	Starting provider: PreviousExperimentProvider
1523136692366	addons.manager	DEBUG	Registering shutdown blocker for PreviousExperimentProvider
1523136692366	addons.manager	DEBUG	Provider finished startup: PreviousExperimentProvider
JavaScript error: chrome://browser/content/browser.js, line 8253: TypeError: gURLBar is null
1523136693032	addons.xpi	INFO	Mapping activity-stream@mozilla.org to /Applications/Firefox.app/Contents/Resources/browser/features/activity-stream@mozilla.org.xpi
1523136693032	addons.xpi	INFO	Mapping aushelper@mozilla.org to /Applications/Firefox.app/Contents/Resources/browser/features/aushelper@mozilla.org.xpi
1523136693032	addons.xpi	INFO	Mapping firefox@getpocket.com to /Applications/Firefox.app/Contents/Resources/browser/features/firefox@getpocket.com.xpi
1523136693032	addons.xpi	INFO	Mapping followonsearch@mozilla.com to /Applications/Firefox.app/Contents/Resources/browser/features/followonsearch@mozilla.com.xpi
1523136693032	addons.xpi	INFO	Mapping formautofill@mozilla.org to /Applications/Firefox.app/Contents/Resources/browser/features/formautofill@mozilla.org.xpi
1523136693032	addons.xpi	INFO	Mapping onboarding@mozilla.org to /Applications/Firefox.app/Contents/Resources/browser/features/onboarding@mozilla.org.xpi
1523136693032	addons.xpi	INFO	Mapping screenshots@mozilla.org to /Applications/Firefox.app/Contents/Resources/browser/features/screenshots@mozilla.org.xpi
1523136693032	addons.xpi	INFO	Mapping shield-recipe-client@mozilla.org to /Applications/Firefox.app/Contents/Resources/browser/features/shield-recipe-client@mozilla.org.xpi
1523136693032	addons.xpi	INFO	Mapping webcompat@mozilla.org to /Applications/Firefox.app/Contents/Resources/browser/features/webcompat@mozilla.org.xpi
1523136693032	addons.xpi	DEBUG	Existing add-on activity-stream@mozilla.org in app-system-defaults
1523136693032	addons.xpi	DEBUG	Existing add-on aushelper@mozilla.org in app-system-defaults
1523136693034	addons.xpi	DEBUG	Existing add-on firefox@getpocket.com in app-system-defaults
1523136693034	addons.xpi	DEBUG	Existing add-on followonsearch@mozilla.com in app-system-defaults
1523136693034	addons.xpi	DEBUG	Existing add-on formautofill@mozilla.org in app-system-defaults
1523136693034	addons.xpi	DEBUG	Existing add-on onboarding@mozilla.org in app-system-defaults
1523136693034	addons.xpi	DEBUG	Existing add-on screenshots@mozilla.org in app-system-defaults
1523136693034	addons.xpi	DEBUG	Existing add-on shield-recipe-client@mozilla.org in app-system-defaults
1523136693034	addons.xpi	DEBUG	Existing add-on webcompat@mozilla.org in app-system-defaults
1523136693034	addons.xpi	INFO	Mapping {972ce4c6-7e08-4474-a285-3208198ce6fd} to /Applications/Firefox.app/Contents/Resources/browser/extensions/{972ce4c6-7e08-4474-a285-3208198ce6fd}.xpi
1523136693034	addons.xpi	DEBUG	Existing add-on {972ce4c6-7e08-4474-a285-3208198ce6fd} in app-global
1523136693034	addons.xpi	DEBUG	getInstallState changed: false, state: {}
2018-04-07 23:31:33.053 plugin-container[10374:335396] *** CFMessagePort: bootstrap_register(): failed 1100 (0x44c) 'Permission denied', port = 0xad33, name = 'com.apple.tsm.portname'
See /usr/include/servers/bootstrap_defs.h for the error codes.
1523136693172	Marionette	INFO	Listening on port 56917
1523136693290	addons.xpi-utils	DEBUG	XPI Database saved, setting schema version preference to 24
1523136693292	Marionette	WARN	TLS certificate errors will be ignored for this session
1523136693368	geckodriver	INFO	geckodriver 0.19.0
1523136693373	geckodriver	INFO	Listening on 127.0.0.1:56950
2018-04-07 23:31:33.943 plugin-container[10377:335492] *** CFMessagePort: bootstrap_register(): failed 1100 (0x44c) 'Permission denied', port = 0xaa43, name = 'com.apple.tsm.portname'
See /usr/include/servers/bootstrap_defs.h for the error codes.
1523136694430	mozrunner::runner	INFO	Running command: "/Applications/Firefox.app/Contents/MacOS/firefox-bin" "-marionette" "-profile" "/var/folders/1x/9_60xg695gv3q186_ydmrv2w0000gn/T/rust_mozprofile.DtxaDJ6y3ugg"
1523136694872	Marionette	INFO	Enabled via --marionette
2018-04-07 23:31:35.653 plugin-container[10380:335605] *** CFMessagePort: bootstrap_register(): failed 1100 (0x44c) 'Permission denied', port = 0xae3f, name = 'com.apple.tsm.portname'
See /usr/include/servers/bootstrap_defs.h for the error codes.
1523136695962	Marionette	INFO	Listening on port 56966
1523136695990	Marionette	WARN	TLS certificate errors will be ignored for this session
2018-04-07 23:31:36.565 plugin-container[10381:335695] *** CFMessagePort: bootstrap_register(): failed 1100 (0x44c) 'Permission denied', port = 0x1543f, name = 'com.apple.tsm.portname'
See /usr/include/servers/bootstrap_defs.h for the error codes.
2018-04-07 23:31:52.238 plugin-container[10393:336509] *** CFMessagePort: bootstrap_register(): failed 1100 (0x44c) 'Permission denied', port = 0xaa43, name = 'com.apple.tsm.portname'
See /usr/include/servers/bootstrap_defs.h for the error codes.
1523136715612	addons.xpi	DEBUG	Calling bootstrap method shutdown on webcompat@mozilla.org version 1.1
1523136715612	addons.xpi	DEBUG	Calling bootstrap method shutdown on shield-recipe-client@mozilla.org version 80
1523136715612	addons.xpi	DEBUG	Calling bootstrap method shutdown on screenshots@mozilla.org version 25.0.0
1523136715618	addons.xpi	DEBUG	Calling bootstrap method shutdown on onboarding@mozilla.org version 1.0
1523136715618	addons.xpi	DEBUG	Calling bootstrap method shutdown on formautofill@mozilla.org version 1.0
1523136715618	addons.xpi	DEBUG	Calling bootstrap method shutdown on followonsearch@mozilla.com version 0.9.6
1523136715618	addons.xpi	DEBUG	Calling bootstrap method shutdown on firefox@getpocket.com version 1.0.5
1523136715618	addons.xpi	DEBUG	Calling bootstrap method shutdown on aushelper@mozilla.org version 2.0
1523136715618	addons.xpi	DEBUG	Calling bootstrap method shutdown on activity-stream@mozilla.org version 2018.02.17.0026-173e2795
1523136715646	addons.manager	DEBUG	shutdown
1523136715646	addons.manager	DEBUG	Calling shutdown blocker for XPIProvider
1523136715646	addons.xpi	DEBUG	shutdown
1523136715648	addons.xpi-utils	DEBUG	shutdown
1523136715648	addons.manager	DEBUG	Calling shutdown blocker for LightweightThemeManager
1523136715648	addons.manager	DEBUG	Calling shutdown blocker for GMPProvider
1523136715648	addons.manager	DEBUG	Calling shutdown blocker for PluginProvider
1523136715648	addons.manager	DEBUG	Calling shutdown blocker for PreviousExperimentProvider
1523136715650	addons.manager	DEBUG	Async provider shutdown done
*** UTM:SVC TimerManager:registerTimer called after profile-before-change notification. Ignoring timer registration for id: telemetry_modules_ping
1523207314255	geckodriver	INFO	geckodriver 0.19.0
1523207314265	geckodriver	INFO	Listening on 127.0.0.1:60022
1523207315335	mozrunner::runner	INFO	Running command: "/Applications/Firefox.app/Contents/MacOS/firefox-bin" "-marionette" "-profile" "/var/folders/1x/9_60xg695gv3q186_ydmrv2w0000gn/T/rust_mozprofile.vZURUm5PMOJU"
1523207315910	Marionette	INFO	Enabled via --marionette
2018-04-08 19:08:36.765 plugin-container[27936:556149] *** CFMessagePort: bootstrap_register(): failed 1100 (0x44c) 'Permission denied', port = 0x15137, name = 'com.apple.tsm.portname'
See /usr/include/servers/bootstrap_defs.h for the error codes.
1523207317160	Marionette	INFO	Listening on port 60031
1523207317196	Marionette	WARN	TLS certificate errors will be ignored for this session
2018-04-08 19:08:37.669 plugin-container[27937:556236] *** CFMessagePort: bootstrap_register(): failed 1100 (0x44c) 'Permission denied', port = 0x15403, name = 'com.apple.tsm.portname'
See /usr/include/servers/bootstrap_defs.h for the error codes.

###!!! [Child][RunMessage] Error: Channel closing: too late to send/recv, messages will be lost


###!!! [Child][RunMessage] Error: Channel closing: too late to send/recv, messages will be lost


###!!! [Child][RunMessage] Error: Channel closing: too late to send/recv, messages will be lost


###!!! [Child][RunMessage] Error: Channel closing: too late to send/recv, messages will be lost


###!!! [Child][RunMessage] Error: Channel closing: too late to send/recv, messages will be lost

1523207426790	addons.productaddons	WARN	Failed downloading XML, status: 0, reason: error
1528833846264	geckodriver	INFO	geckodriver 0.19.0
1528833846275	geckodriver	INFO	Listening on 127.0.0.1:62124
1528833847362	mozrunner::runner	INFO	Running command: "/Applications/Firefox.app/Contents/MacOS/firefox-bin" "-marionette" "-profile" "/var/folders/1x/9_60xg695gv3q186_ydmrv2w0000gn/T/rust_mozprofile.Vi5J8Xr4IbK1"
1528833848182	Marionette	INFO	Enabled via --marionette
2018-06-12 22:04:09.134 plugin-container[83437:3762178] *** CFMessagePort: bootstrap_register(): failed 1100 (0x44c) 'Permission denied', port = 0x14f3f, name = 'com.apple.tsm.portname'
See /usr/include/servers/bootstrap_defs.h for the error codes.
1528833849596	Marionette	INFO	Listening on port 62135
1528833849634	Marionette	WARN	TLS certificate errors will be ignored for this session
2018-06-12 22:04:10.010 plugin-container[83438:3762268] *** CFMessagePort: bootstrap_register(): failed 1100 (0x44c) 'Permission denied', port = 0xaa03, name = 'com.apple.tsm.portname'
See /usr/include/servers/bootstrap_defs.h for the error codes.
